{"/Users/yasmingreen/Desktop/Personal_Projects/objective-organiser-api/app.js":{"path":"/Users/yasmingreen/Desktop/Personal_Projects/objective-organiser-api/app.js","s":{"1":1,"2":1,"3":1,"4":1,"5":1,"6":1,"7":1,"8":1,"9":1,"10":1,"11":1,"12":1,"13":1,"14":1,"15":1,"16":1,"17":1,"18":1,"19":1,"20":1,"21":1,"22":1,"23":0,"24":0,"25":0,"26":1,"27":1,"28":1,"29":1},"b":{"1":[0,1],"2":[0,0],"3":[1,0]},"f":{"1":1,"2":0,"3":1},"fnMap":{"1":{"name":"(anonymous_1)","line":28,"loc":{"start":{"line":28,"column":8},"end":{"line":28,"column":33}}},"2":{"name":"(anonymous_2)","line":39,"loc":{"start":{"line":39,"column":10},"end":{"line":39,"column":40}}},"3":{"name":"(anonymous_3)","line":50,"loc":{"start":{"line":50,"column":8},"end":{"line":50,"column":38}}}},"statementMap":{"1":{"start":{"line":1,"column":0},"end":{"line":1,"column":33}},"2":{"start":{"line":2,"column":0},"end":{"line":2,"column":27}},"3":{"start":{"line":3,"column":0},"end":{"line":3,"column":39}},"4":{"start":{"line":4,"column":0},"end":{"line":4,"column":31}},"5":{"start":{"line":5,"column":0},"end":{"line":5,"column":44}},"6":{"start":{"line":6,"column":0},"end":{"line":6,"column":40}},"7":{"start":{"line":8,"column":0},"end":{"line":8,"column":39}},"8":{"start":{"line":10,"column":0},"end":{"line":10,"column":20}},"9":{"start":{"line":13,"column":0},"end":{"line":13,"column":49}},"10":{"start":{"line":14,"column":0},"end":{"line":14,"column":46}},"11":{"start":{"line":15,"column":0},"end":{"line":15,"column":31}},"12":{"start":{"line":19,"column":0},"end":{"line":19,"column":23}},"13":{"start":{"line":20,"column":0},"end":{"line":20,"column":27}},"14":{"start":{"line":21,"column":0},"end":{"line":21,"column":52}},"15":{"start":{"line":22,"column":0},"end":{"line":22,"column":24}},"16":{"start":{"line":23,"column":0},"end":{"line":23,"column":56}},"17":{"start":{"line":25,"column":0},"end":{"line":25,"column":21}},"18":{"start":{"line":28,"column":0},"end":{"line":32,"column":3}},"19":{"start":{"line":29,"column":2},"end":{"line":29,"column":35}},"20":{"start":{"line":30,"column":2},"end":{"line":30,"column":19}},"21":{"start":{"line":31,"column":2},"end":{"line":31,"column":12}},"22":{"start":{"line":38,"column":0},"end":{"line":46,"column":1}},"23":{"start":{"line":39,"column":2},"end":{"line":45,"column":5}},"24":{"start":{"line":40,"column":4},"end":{"line":40,"column":34}},"25":{"start":{"line":41,"column":4},"end":{"line":44,"column":7}},"26":{"start":{"line":50,"column":0},"end":{"line":56,"column":3}},"27":{"start":{"line":51,"column":2},"end":{"line":51,"column":32}},"28":{"start":{"line":52,"column":2},"end":{"line":55,"column":5}},"29":{"start":{"line":59,"column":0},"end":{"line":59,"column":21}}},"branchMap":{"1":{"line":38,"type":"if","locations":[{"start":{"line":38,"column":0},"end":{"line":38,"column":0}},{"start":{"line":38,"column":0},"end":{"line":38,"column":0}}]},"2":{"line":40,"type":"binary-expr","locations":[{"start":{"line":40,"column":15},"end":{"line":40,"column":25}},{"start":{"line":40,"column":29},"end":{"line":40,"column":32}}]},"3":{"line":51,"type":"binary-expr","locations":[{"start":{"line":51,"column":13},"end":{"line":51,"column":23}},{"start":{"line":51,"column":27},"end":{"line":51,"column":30}}]}}},"/Users/yasmingreen/Desktop/Personal_Projects/objective-organiser-api/routes/index.js":{"path":"/Users/yasmingreen/Desktop/Personal_Projects/objective-organiser-api/routes/index.js","s":{"1":1,"2":1,"3":1,"4":1,"5":1,"6":1,"7":1,"8":1,"9":0,"10":1,"11":2,"12":2,"13":2,"14":1,"15":1,"16":1,"17":2,"18":2,"19":0,"20":1,"21":2,"22":2,"23":2,"24":2,"25":1,"26":1,"27":0,"28":1},"b":{"1":[1,1],"2":[2,0],"3":[1,1]},"f":{},"fnMap":{},"statementMap":{"1":{"start":{"line":1,"column":0},"end":{"line":1,"column":35}},"2":{"start":{"line":2,"column":0},"end":{"line":2,"column":42}},"3":{"start":{"line":3,"column":0},"end":{"line":3,"column":49}},"4":{"start":{"line":4,"column":0},"end":{"line":4,"column":88}},"5":{"start":{"line":6,"column":0},"end":{"line":6,"column":32}},"6":{"start":{"line":7,"column":0},"end":{"line":7,"column":30}},"7":{"start":{"line":8,"column":0},"end":{"line":8,"column":55}},"8":{"start":{"line":10,"column":0},"end":{"line":12,"column":3}},"9":{"start":{"line":11,"column":2},"end":{"line":11,"column":56}},"10":{"start":{"line":15,"column":0},"end":{"line":48,"column":3}},"11":{"start":{"line":16,"column":2},"end":{"line":23,"column":10}},"12":{"start":{"line":24,"column":2},"end":{"line":24,"column":75}},"13":{"start":{"line":25,"column":2},"end":{"line":47,"column":7}},"14":{"start":{"line":37,"column":6},"end":{"line":37,"column":42}},"15":{"start":{"line":38,"column":6},"end":{"line":46,"column":9}},"16":{"start":{"line":51,"column":0},"end":{"line":57,"column":3}},"17":{"start":{"line":52,"column":2},"end":{"line":56,"column":27}},"18":{"start":{"line":54,"column":6},"end":{"line":54,"column":39}},"19":{"start":{"line":56,"column":20},"end":{"line":56,"column":25}},"20":{"start":{"line":60,"column":0},"end":{"line":80,"column":3}},"21":{"start":{"line":61,"column":2},"end":{"line":61,"column":31}},"22":{"start":{"line":62,"column":2},"end":{"line":62,"column":72}},"23":{"start":{"line":63,"column":2},"end":{"line":63,"column":67}},"24":{"start":{"line":64,"column":2},"end":{"line":79,"column":29}},"25":{"start":{"line":76,"column":8},"end":{"line":76,"column":61}},"26":{"start":{"line":77,"column":8},"end":{"line":77,"column":47}},"27":{"start":{"line":79,"column":22},"end":{"line":79,"column":27}},"28":{"start":{"line":82,"column":0},"end":{"line":82,"column":24}}},"branchMap":{"1":{"line":25,"type":"cond-expr","locations":[{"start":{"line":26,"column":4},"end":{"line":26,"column":59}},{"start":{"line":27,"column":4},"end":{"line":47,"column":6}}]},"2":{"line":62,"type":"binary-expr","locations":[{"start":{"line":62,"column":59},"end":{"line":62,"column":63}},{"start":{"line":62,"column":67},"end":{"line":62,"column":71}}]},"3":{"line":64,"type":"cond-expr","locations":[{"start":{"line":65,"column":4},"end":{"line":65,"column":58}},{"start":{"line":66,"column":4},"end":{"line":79,"column":28}}]}}},"/Users/yasmingreen/Desktop/Personal_Projects/objective-organiser-api/server/models/index.js":{"path":"/Users/yasmingreen/Desktop/Personal_Projects/objective-organiser-api/server/models/index.js","s":{"1":1,"2":1,"3":1,"4":1,"5":1,"6":1,"7":1,"8":1,"9":0,"10":1,"11":1,"12":3,"13":2,"14":2,"15":1,"16":2,"17":0,"18":1,"19":1,"20":1},"b":{"1":[1,0],"2":[0,1],"3":[3,3,2],"4":[0,2]},"f":{"1":3,"2":2,"3":2},"fnMap":{"1":{"name":"(anonymous_1)","line":19,"loc":{"start":{"line":19,"column":10},"end":{"line":19,"column":25}}},"2":{"name":"(anonymous_2)","line":22,"loc":{"start":{"line":22,"column":11},"end":{"line":22,"column":26}}},"3":{"name":"(anonymous_3)","line":27,"loc":{"start":{"line":27,"column":24},"end":{"line":27,"column":44}}}},"statementMap":{"1":{"start":{"line":3,"column":0},"end":{"line":3,"column":30}},"2":{"start":{"line":4,"column":0},"end":{"line":4,"column":32}},"3":{"start":{"line":5,"column":0},"end":{"line":5,"column":37}},"4":{"start":{"line":6,"column":0},"end":{"line":6,"column":47}},"5":{"start":{"line":7,"column":0},"end":{"line":7,"column":54}},"6":{"start":{"line":8,"column":0},"end":{"line":8,"column":60}},"7":{"start":{"line":9,"column":0},"end":{"line":9,"column":19}},"8":{"start":{"line":11,"column":0},"end":{"line":15,"column":1}},"9":{"start":{"line":12,"column":2},"end":{"line":12,"column":70}},"10":{"start":{"line":14,"column":2},"end":{"line":14,"column":91}},"11":{"start":{"line":17,"column":0},"end":{"line":25,"column":5}},"12":{"start":{"line":20,"column":4},"end":{"line":20,"column":90}},"13":{"start":{"line":23,"column":4},"end":{"line":23,"column":64}},"14":{"start":{"line":24,"column":4},"end":{"line":24,"column":27}},"15":{"start":{"line":27,"column":0},"end":{"line":31,"column":3}},"16":{"start":{"line":28,"column":2},"end":{"line":30,"column":3}},"17":{"start":{"line":29,"column":4},"end":{"line":29,"column":32}},"18":{"start":{"line":33,"column":0},"end":{"line":33,"column":25}},"19":{"start":{"line":34,"column":0},"end":{"line":34,"column":25}},"20":{"start":{"line":36,"column":0},"end":{"line":36,"column":20}}},"branchMap":{"1":{"line":7,"type":"binary-expr","locations":[{"start":{"line":7,"column":16},"end":{"line":7,"column":36}},{"start":{"line":7,"column":40},"end":{"line":7,"column":53}}]},"2":{"line":11,"type":"if","locations":[{"start":{"line":11,"column":0},"end":{"line":11,"column":0}},{"start":{"line":11,"column":0},"end":{"line":11,"column":0}}]},"3":{"line":20,"type":"binary-expr","locations":[{"start":{"line":20,"column":12},"end":{"line":20,"column":35}},{"start":{"line":20,"column":41},"end":{"line":20,"column":58}},{"start":{"line":20,"column":64},"end":{"line":20,"column":88}}]},"4":{"line":28,"type":"if","locations":[{"start":{"line":28,"column":2},"end":{"line":28,"column":2}},{"start":{"line":28,"column":2},"end":{"line":28,"column":2}}]}}},"/Users/yasmingreen/Desktop/Personal_Projects/objective-organiser-api/server/models/objective.js":{"path":"/Users/yasmingreen/Desktop/Personal_Projects/objective-organiser-api/server/models/objective.js","s":{"1":1,"2":1,"3":0,"4":1},"b":{},"f":{"1":1,"2":0},"fnMap":{"1":{"name":"(anonymous_1)","line":2,"loc":{"start":{"line":2,"column":17},"end":{"line":2,"column":48}}},"2":{"name":"(anonymous_2)","line":12,"loc":{"start":{"line":12,"column":17},"end":{"line":12,"column":34}}}},"statementMap":{"1":{"start":{"line":2,"column":0},"end":{"line":18,"column":2}},"2":{"start":{"line":3,"column":2},"end":{"line":16,"column":5}},"3":{"start":{"line":13,"column":8},"end":{"line":13,"column":49}},"4":{"start":{"line":17,"column":2},"end":{"line":17,"column":19}}},"branchMap":{}},"/Users/yasmingreen/Desktop/Personal_Projects/objective-organiser-api/server/models/progressupdate.js":{"path":"/Users/yasmingreen/Desktop/Personal_Projects/objective-organiser-api/server/models/progressupdate.js","s":{"1":1,"2":1,"3":0,"4":1},"b":{},"f":{"1":1,"2":0},"fnMap":{"1":{"name":"(anonymous_1)","line":2,"loc":{"start":{"line":2,"column":17},"end":{"line":2,"column":48}}},"2":{"name":"(anonymous_2)","line":10,"loc":{"start":{"line":10,"column":17},"end":{"line":10,"column":34}}}},"statementMap":{"1":{"start":{"line":2,"column":0},"end":{"line":16,"column":2}},"2":{"start":{"line":3,"column":2},"end":{"line":14,"column":5}},"3":{"start":{"line":11,"column":8},"end":{"line":11,"column":51}},"4":{"start":{"line":15,"column":2},"end":{"line":15,"column":24}}},"branchMap":{}},"/Users/yasmingreen/Desktop/Personal_Projects/objective-organiser-api/routes/validation.js":{"path":"/Users/yasmingreen/Desktop/Personal_Projects/objective-organiser-api/routes/validation.js","s":{"1":1,"2":1,"3":1,"4":1,"5":4,"6":4,"7":4,"8":4,"9":2,"10":2,"11":4,"12":1},"b":{"1":[2,2]},"f":{"1":4},"fnMap":{"1":{"name":"validateData","line":49,"loc":{"start":{"line":49,"column":0},"end":{"line":49,"column":45}}}},"statementMap":{"1":{"start":{"line":1,"column":0},"end":{"line":1,"column":35}},"2":{"start":{"line":3,"column":0},"end":{"line":24,"column":3}},"3":{"start":{"line":26,"column":0},"end":{"line":47,"column":3}},"4":{"start":{"line":49,"column":0},"end":{"line":58,"column":1}},"5":{"start":{"line":50,"column":2},"end":{"line":50,"column":21}},"6":{"start":{"line":51,"column":2},"end":{"line":51,"column":26}},"7":{"start":{"line":52,"column":2},"end":{"line":52,"column":58}},"8":{"start":{"line":53,"column":2},"end":{"line":56,"column":3}},"9":{"start":{"line":54,"column":4},"end":{"line":54,"column":20}},"10":{"start":{"line":55,"column":4},"end":{"line":55,"column":41}},"11":{"start":{"line":57,"column":2},"end":{"line":57,"column":35}},"12":{"start":{"line":60,"column":0},"end":{"line":64,"column":2}}},"branchMap":{"1":{"line":53,"type":"if","locations":[{"start":{"line":53,"column":2},"end":{"line":53,"column":2}},{"start":{"line":53,"column":2},"end":{"line":53,"column":2}}]}}}}