TN:
SF:/Users/yasmingreen/Desktop/Personal_Projects/objective-organiser-api/app.js
FN:28,(anonymous_1)
FN:39,(anonymous_2)
FN:50,(anonymous_3)
FNF:3
FNH:2
FNDA:1,(anonymous_1)
FNDA:0,(anonymous_2)
FNDA:1,(anonymous_3)
DA:1,1
DA:2,1
DA:3,1
DA:4,1
DA:5,1
DA:6,1
DA:8,1
DA:10,1
DA:13,1
DA:14,1
DA:15,1
DA:19,1
DA:20,1
DA:21,1
DA:22,1
DA:23,1
DA:25,1
DA:28,1
DA:29,1
DA:30,1
DA:31,1
DA:38,1
DA:39,0
DA:40,0
DA:41,0
DA:50,1
DA:51,1
DA:52,1
DA:59,1
LF:29
LH:26
BRDA:38,1,0,0
BRDA:38,1,1,1
BRDA:40,2,0,0
BRDA:40,2,1,0
BRDA:51,3,0,1
BRDA:51,3,1,0
BRF:6
BRH:2
end_of_record
TN:
SF:/Users/yasmingreen/Desktop/Personal_Projects/objective-organiser-api/routes/index.js
FNF:0
FNH:0
DA:1,1
DA:2,1
DA:3,1
DA:4,1
DA:6,1
DA:7,1
DA:8,1
DA:10,1
DA:11,0
DA:15,1
DA:16,2
DA:24,2
DA:25,2
DA:37,1
DA:38,1
DA:51,1
DA:52,2
DA:54,2
DA:56,0
DA:60,1
DA:61,2
DA:62,2
DA:63,2
DA:64,2
DA:76,1
DA:77,1
DA:79,0
DA:82,1
LF:28
LH:25
BRDA:25,1,0,1
BRDA:25,1,1,1
BRDA:62,2,0,2
BRDA:62,2,1,0
BRDA:64,3,0,1
BRDA:64,3,1,1
BRF:6
BRH:5
end_of_record
TN:
SF:/Users/yasmingreen/Desktop/Personal_Projects/objective-organiser-api/server/models/index.js
FN:19,(anonymous_1)
FN:22,(anonymous_2)
FN:27,(anonymous_3)
FNF:3
FNH:3
FNDA:3,(anonymous_1)
FNDA:2,(anonymous_2)
FNDA:2,(anonymous_3)
DA:3,1
DA:4,1
DA:5,1
DA:6,1
DA:7,1
DA:8,1
DA:9,1
DA:11,1
DA:12,0
DA:14,1
DA:17,1
DA:20,3
DA:23,2
DA:24,2
DA:27,1
DA:28,2
DA:29,0
DA:33,1
DA:34,1
DA:36,1
LF:20
LH:18
BRDA:7,1,0,1
BRDA:7,1,1,0
BRDA:11,2,0,0
BRDA:11,2,1,1
BRDA:20,3,0,3
BRDA:20,3,1,3
BRDA:20,3,2,2
BRDA:28,4,0,0
BRDA:28,4,1,2
BRF:9
BRH:6
end_of_record
TN:
SF:/Users/yasmingreen/Desktop/Personal_Projects/objective-organiser-api/server/models/objective.js
FN:2,(anonymous_1)
FN:12,(anonymous_2)
FNF:2
FNH:1
FNDA:1,(anonymous_1)
FNDA:0,(anonymous_2)
DA:2,1
DA:3,1
DA:13,0
DA:17,1
LF:4
LH:3
BRF:0
BRH:0
end_of_record
TN:
SF:/Users/yasmingreen/Desktop/Personal_Projects/objective-organiser-api/server/models/progressupdate.js
FN:2,(anonymous_1)
FN:10,(anonymous_2)
FNF:2
FNH:1
FNDA:1,(anonymous_1)
FNDA:0,(anonymous_2)
DA:2,1
DA:3,1
DA:11,0
DA:15,1
LF:4
LH:3
BRF:0
BRH:0
end_of_record
TN:
SF:/Users/yasmingreen/Desktop/Personal_Projects/objective-organiser-api/routes/validation.js
FN:49,validateData
FNF:1
FNH:1
FNDA:4,validateData
DA:1,1
DA:3,1
DA:26,1
DA:49,1
DA:50,4
DA:51,4
DA:52,4
DA:53,4
DA:54,2
DA:55,2
DA:57,4
DA:60,1
LF:12
LH:12
BRDA:53,1,0,2
BRDA:53,1,1,2
BRF:2
BRH:2
end_of_record
